74 - Current: 00:00:42 - Estimated total: 00:00:57
  75 - Current: 00:00:43 - Estimated total: 00:00:57
  76 - Current: 00:00:43 - Estimated total: 00:00:57
  77 - Current: 00:00:44 - Estimated total: 00:00:57
  78 - Current: 00:00:45 - Estimated total: 00:00:57
  79 - Current: 00:00:45 - Estimated total: 00:00:57
  80 - Current: 00:00:46 - Estimated total: 00:00:57
  81 - Current: 00:00:46 - Estimated total: 00:00:57
  82 - Current: 00:00:47 - Estimated total: 00:00:57
  83 - Current: 00:00:48 - Estimated total: 00:00:57
  84 - Current: 00:00:48 - Estimated total: 00:00:57
  85 - Current: 00:00:49 - Estimated total: 00:00:57
  86 - Current: 00:00:49 - Estimated total: 00:00:57
  87 - Current: 00:00:50 - Estimated total: 00:00:57
  88 - Current: 00:00:50 - Estimated total: 00:00:57
  89 - Current: 00:00:51 - Estimated total: 00:00:57
  90 - Current: 00:00:52 - Estimated total: 00:00:57
  91 - Current: 00:00:52 - Estimated total: 00:00:57
  92 - Current: 00:00:53 - Estimated total: 00:00:57
  93 - Current: 00:00:53 - Estimated total: 00:00:57
  94 - Current: 00:00:54 - Estimated total: 00:00:57
  95 - Current: 00:00:54 - Estimated total: 00:00:57
  96 - Current: 00:00:55 - Estimated total: 00:00:57
  97 - Current: 00:00:56 - Estimated total: 00:00:57
  98 - Current: 00:00:56 - Estimated total: 00:00:57
  99 - Current: 00:00:57 - Estimated total: 00:00:57
  100 - Current: 00:00:57 - Estimated total: 00:00:57
  No boards created this run.
  Starting lap 4 at time: 00:02:53
  1 - Current: 00:00:00 - Estimated total: 00:00:56
  2 - Current: 00:00:01 - Estimated total: 00:00:56
  3 - Current: 00:00:01 - Estimated total: 00:00:56
  4 - Current: 00:00:02 - Estimated total: 00:00:56
  5 - Current: 00:00:02 - Estimated total: 00:00:56
  6 - Current: 00:00:03 - Estimated total: 00:00:56
  7 - Current: 00:00:03 - Estimated total: 00:00:56
  8 - Current: 00:00:04 - Estimated total: 00:00:56
  9 - Current: 00:00:05 - Estimated total: 00:00:56
  10 - Current: 00:00:05 - Estimated total: 00:00:56
  11 - Current: 00:00:06 - Estimated total: 00:00:57
  12 - Current: 00:00:06 - Estimated total: 00:00:57
  13 - Current: 00:00:07 - Estimated total: 00:00:57
  14 - Current: 00:00:07 - Estimated total: 00:00:57
  15 - Current: 00:00:08 - Estimated total: 00:00:56
  16 - Current: 00:00:09 - Estimated total: 00:00:57
  17 - Current: 00:00:09 - Estimated total: 00:00:57
  18 - Current: 00:00:10 - Estimated total: 00:00:57
  19 - Current: 00:00:10 - Estimated total: 00:00:57
  20 - Current: 00:00:11 - Estimated total: 00:00:57
  21 - Current: 00:00:12 - Estimated total: 00:00:57
  22 - Current: 00:00:12 - Estimated total: 00:00:57
  23 - Current: 00:00:13 - Estimated total: 00:00:57
  24 - Current: 00:00:13 - Estimated total: 00:00:57
  25 - Current: 00:00:14 - Estimated total: 00:00:57
  26 - Current: 00:00:15 - Estimated total: 00:00:57
  27 - Current: 00:00:15 - Estimated total: 00:00:58
  28 - Current: 00:00:16 - Estimated total: 00:00:57
  29 - Current: 00:00:16 - Estimated total: 00:00:57
  30 - Current: 00:00:17 - Estimated total: 00:00:57
  31 - Current: 00:00:17 - Estimated total: 00:00:57
  32 - Current: 00:00:18 - Estimated total: 00:00:57
  33 - Current: 00:00:19 - Estimated total: 00:00:57
  34 - Current: 00:00:19 - Estimated total: 00:00:57
  35 - Current: 00:00:20 - Estimated total: 00:00:57
  36 - Current: 00:00:20 - Estimated total: 00:00:57
  37 - Current: 00:00:21 - Estimated total: 00:00:57
  38 - Current: 00:00:21 - Estimated total: 00:00:57
  39 - Current: 00:00:22 - Estimated total: 00:00:57
  40 - Current: 00:00:23 - Estimated total: 00:00:57
  41 - Current: 00:00:23 - Estimated total: 00:00:57
  42 - Current: 00:00:24 - Estimated total: 00:00:57
  43 - Current: 00:00:24 - Estimated total: 00:00:57
  44 - Current: 00:00:25 - Estimated total: 00:00:57
  45 - Current: 00:00:25 - Estimated total: 00:00:57
  Starting lap 1 at time: 00:00:00
  1 - Current: 00:00:01 - Estimated total: 00:01:53
  2 - Current: 00:00:01 - Estimated total: 00:01:28
  3 - Current: 00:00:02 - Estimated total: 00:01:17
  4 - Current: 00:00:02 - Estimated total: 00:01:13
  5 - Current: 00:00:03 - Estimated total: 00:01:10
  6 - Current: 00:00:04 - Estimated total: 00:01:08
  7 - Current: 00:00:04 - Estimated total: 00:01:07
  8 - Current: 00:00:05 - Estimated total: 00:01:05
  9 - Current: 00:00:05 - Estimated total: 00:01:05
  10 - Current: 00:00:06 - Estimated total: 00:01:04
  11 - Current: 00:00:07 - Estimated total: 00:01:03
  12 - Current: 00:00:07 - Estimated total: 00:01:03
  13 - Current: 00:00:08 - Estimated total: 00:01:02
  14 - Current: 00:00:08 - Estimated total: 00:01:02
  15 - Current: 00:00:09 - Estimated total: 00:01:02
  16 - Current: 00:00:09 - Estimated total: 00:01:01
  17 - Current: 00:00:10 - Estimated total: 00:01:01
  18 - Current: 00:00:11 - Estimated total: 00:01:01
  19 - Current: 00:00:11 - Estimated total: 00:01:01
  20 - Current: 00:00:12 - Estimated total: 00:01:01
  21 - Current: 00:00:12 - Estimated total: 00:01:01
  22 - Current: 00:00:13 - Estimated total: 00:01:01
  23 - Current: 00:00:14 - Estimated total: 00:01:00
  24 - Current: 00:00:14 - Estimated total: 00:01:00
  25 - Current: 00:00:15 - Estimated total: 00:01:00
  26 - Current: 00:00:15 - Estimated total: 00:01:00
  27 - Current: 00:00:16 - Estimated total: 00:01:00
  28 - Current: 00:00:16 - Estimated total: 00:01:00
  29 - Current: 00:00:17 - Estimated total: 00:01:00
  30 - Current: 00:00:18 - Estimated total: 00:01:00
  31 - Current: 00:00:18 - Estimated total: 00:01:00
  32 - Current: 00:00:19 - Estimated total: 00:01:00
  33 - Current: 00:00:19 - Estimated total: 00:01:00
  34 - Current: 00:00:20 - Estimated total: 00:00:59
  35 - Current: 00:00:20 - Estimated total: 00:00:59
  36 - Current: 00:00:21 - Estimated total: 00:00:59
  37 - Current: 00:00:22 - Estimated total: 00:00:59
  38 - Current: 00:00:22 - Estimated total: 00:00:59
  39 - Current: 00:00:23 - Estimated total: 00:00:59
  40 - Current: 00:00:23 - Estimated total: 00:00:59
  41 - Current: 00:00:24 - Estimated total: 00:00:59
  42 - Current: 00:00:25 - Estimated total: 00:00:59
  43 - Current: 00:00:25 - Estimated total: 00:00:59
  44 - Current: 00:00:26 - Estimated total: 00:00:59
  45 - Current: 00:00:26 - Estimated total: 00:00:59
  46 - Current: 00:00:27 - Estimated total: 00:00:59
  47 - Current: 00:00:27 - Estimated total: 00:00:59
  48 - Current: 00:00:28 - Estimated total: 00:00:59
  49 - Current: 00:00:29 - Estimated total: 00:00:59
  50 - Current: 00:00:29 - Estimated total: 00:00:59
  51 - Current: 00:00:30 - Estimated total: 00:00:59
  52 - Current: 00:00:30 - Estimated total: 00:00:59
  53 - Current: 00:00:31 - Estimated total: 00:00:59
  54 - Current: 00:00:32 - Estimated total: 00:00:59
  55 - Current: 00:00:32 - Estimated total: 00:00:59
  56 - Current: 00:00:33 - Estimated total: 00:00:59
  57 - Current: 00:00:33 - Estimated total: 00:00:59
  58 - Current: 00:00:34 - Estimated total: 00:00:59
  59 - Current: 00:00:34 - Estimated total: 00:00:59
  60 - Current: 00:00:35 - Estimated total: 00:00:59
  61 - Current: 00:00:36 - Estimated total: 00:00:59
  62 - Current: 00:00:36 - Estimated total: 00:00:59
  63 - Current: 00:00:37 - Estimated total: 00:00:59
  64 - Current: 00:00:37 - Estimated total: 00:00:59
  65 - Current: 00:00:38 - Estimated total: 00:00:59
  66 - Current: 00:00:39 - Estimated total: 00:00:59
  67 - Current: 00:00:39 - Estimated total: 00:00:59
  68 - Current: 00:00:40 - Estimated total: 00:00:59
  69 - Current: 00:00:40 - Estimated total: 00:00:59
  70 - Current: 00:00:41 - Estimated total: 00:00:59
  71 - Current: 00:00:41 - Estimated total: 00:00:59
  72 - Current: 00:00:42 - Estimated total: 00:00:59
  73 - Current: 00:00:43 - Estimated total: 00:00:58
  74 - Current: 00:00:43 - Estimated total: 00:00:58
  75 - Current: 00:00:44 - Estimated total: 00:00:58
  76 - Current: 00:00:44 - Estimated total: 00:00:58
  77 - Current: 00:00:45 - Estimated total: 00:00:58
  78 - Current: 00:00:45 - Estimated total: 00:00:58
  79 - Current: 00:00:46 - Estimated total: 00:00:58
  80 - Current: 00:00:47 - Estimated total: 00:00:58
  81 - Current: 00:00:47 - Estimated total: 00:00:58
  82 - Current: 00:00:48 - Estimated total: 00:00:58
  83 - Current: 00:00:48 - Estimated total: 00:00:58
  84 - Current: 00:00:49 - Estimated total: 00:00:58
  85 - Current: 00:00:50 - Estimated total: 00:00:58
  86 - Current: 00:00:50 - Estimated total: 00:00:58
  87 - Current: 00:00:51 - Estimated total: 00:00:58
  88 - Current: 00:00:51 - Estimated total: 00:00:58
  89 - Current: 00:00:52 - Estimated total: 00:00:58
  90 - Current: 00:00:52 - Estimated total: 00:00:58
  91 - Current: 00:00:53 - Estimated total: 00:00:58
  92 - Current: 00:00:54 - Estimated total: 00:00:58
  93 - Current: 00:00:54 - Estimated total: 00:00:58
  94 - Current: 00:00:55 - Estimated total: 00:00:58
  95 - Current: 00:00:55 - Estimated total: 00:00:58
  96 - Current: 00:00:56 - Estimated total: 00:00:58
  97 - Current: 00:00:57 - Estimated total: 00:00:58
  98 - Current: 00:00:57 - Estimated total: 00:00:58
  99 - Current: 00:00:58 - Estimated total: 00:00:58
  100 - Current: 00:00:58 - Estimated total: 00:00:58
  Starting lap 1 at time: 00:00:00
  1 - Current: 00:00:00 - Estimated total: 00:00:18
  2 - Current: 00:00:00 - Estimated total: 00:00:19
  3 - Current: 00:00:00 - Estimated total: 00:00:15
  4 - Current: 00:00:00 - Estimated total: 00:00:14
  5 - Current: 00:00:00 - Estimated total: 00:00:13
  6 - Current: 00:00:00 - Estimated total: 00:00:12
  7 - Current: 00:00:00 - Estimated total: 00:00:11
  8 - Current: 00:00:00 - Estimated total: 00:00:10
  9 - Current: 00:00:00 - Estimated total: 00:00:10
  10 - Current: 00:00:00 - Estimated total: 00:00:09
  11 - Current: 00:00:01 - Estimated total: 00:00:09
  12 - Current: 00:00:01 - Estimated total: 00:00:09
  13 - Current: 00:00:01 - Estimated total: 00:00:08
  14 - Current: 00:00:01 - Estimated total: 00:00:08
  15 - Current: 00:00:01 - Estimated total: 00:00:08
  16 - Current: 00:00:01 - Estimated total: 00:00:08
  17 - Current: 00:00:01 - Estimated total: 00:00:08
  18 - Current: 00:00:01 - Estimated total: 00:00:08
  19 - Current: 00:00:01 - Estimated total: 00:00:07
  20 - Current: 00:00:01 - Estimated total: 00:00:07
  21 - Current: 00:00:01 - Estimated total: 00:00:07
  22 - Current: 00:00:01 - Estimated total: 00:00:07
  23 - Current: 00:00:01 - Estimated total: 00:00:07
  24 - Current: 00:00:01 - Estimated total: 00:00:07
  25 - Current: 00:00:01 - Estimated total: 00:00:07
  26 - Current: 00:00:01 - Estimated total: 00:00:07
  27 - Current: 00:00:01 - Estimated total: 00:00:07
  28 - Current: 00:00:02 - Estimated total: 00:00:07
  29 - Current: 00:00:02 - Estimated total: 00:00:07
  30 - Current: 00:00:02 - Estimated total: 00:00:07
  31 - Current: 00:00:02 - Estimated total: 00:00:07
  32 - Current: 00:00:02 - Estimated total: 00:00:07
  33 - Current: 00:00:02 - Estimated total: 00:00:07
  34 - Current: 00:00:02 - Estimated total: 00:00:07
  35 - Current: 00:00:02 - Estimated total: 00:00:06
  36 - Current: 00:00:02 - Estimated total: 00:00:06
  37 - Current: 00:00:02 - Estimated total: 00:00:06
  38 - Current: 00:00:02 - Estimated total: 00:00:06
  39 - Current: 00:00:02 - Estimated total: 00:00:06
  40 - Current: 00:00:02 - Estimated total: 00:00:06
  41 - Current: 00:00:02 - Estimated total: 00:00:06
  42 - Current: 00:00:02 - Estimated total: 00:00:06
  43 - Current: 00:00:02 - Estimated total: 00:00:06
  44 - Current: 00:00:02 - Estimated total: 00:00:06
  45 - Current: 00:00:02 - Estimated total: 00:00:06
  46 - Current: 00:00:03 - Estimated total: 00:00:06
  47 - Current: 00:00:03 - Estimated total: 00:00:06
  48 - Current: 00:00:03 - Estimated total: 00:00:06
  49 - Current: 00:00:03 - Estimated total: 00:00:06
  50 - Current: 00:00:03 - Estimated total: 00:00:06
  51 - Current: 00:00:03 - Estimated total: 00:00:06
  52 - Current: 00:00:03 - Estimated total: 00:00:06
  53 - Current: 00:00:03 - Estimated total: 00:00:06
  54 - Current: 00:00:03 - Estimated total: 00:00:06
  55 - Current: 00:00:03 - Estimated total: 00:00:06
  56 - Current: 00:00:03 - Estimated total: 00:00:06
  57 - Current: 00:00:03 - Estimated total: 00:00:06
  58 - Current: 00:00:03 - Estimated total: 00:00:06
  59 - Current: 00:00:03 - Estimated total: 00:00:06
  60 - Current: 00:00:03 - Estimated total: 00:00:06
  61 - Current: 00:00:03 - Estimated total: 00:00:06
  62 - Current: 00:00:03 - Estimated total: 00:00:06
  63 - Current: 00:00:04 - Estimated total: 00:00:06
  64 - Current: 00:00:04 - Estimated total: 00:00:06
  65 - Current: 00:00:04 - Estimated total: 00:00:06
  66 - Current: 00:00:04 - Estimated total: 00:00:06
  67 - Current: 00:00:04 - Estimated total: 00:00:06
  68 - Current: 00:00:04 - Estimated total: 00:00:06
  69 - Current: 00:00:04 - Estimated total: 00:00:06
  70 - Current: 00:00:04 - Estimated total: 00:00:06
  71 - Current: 00:00:04 - Estimated total: 00:00:06
  72 - Current: 00:00:04 - Estimated total: 00:00:06
  73 - Current: 00:00:04 - Estimated total: 00:00:06
  74 - Current: 00:00:04 - Estimated total: 00:00:06
  75 - Current: 00:00:04 - Estimated total: 00:00:06
  76 - Current: 00:00:04 - Estimated total: 00:00:06
  77 - Current: 00:00:04 - Estimated total: 00:00:06
  78 - Current: 00:00:04 - Estimated total: 00:00:06
  79 - Current: 00:00:04 - Estimated total: 00:00:06
  80 - Current: 00:00:04 - Estimated total: 00:00:06
  81 - Current: 00:00:05 - Estimated total: 00:00:06
  82 - Current: 00:00:05 - Estimated total: 00:00:06
  83 - Current: 00:00:05 - Estimated total: 00:00:06
  84 - Current: 00:00:05 - Estimated total: 00:00:06
  85 - Current: 00:00:05 - Estimated total: 00:00:06
  86 - Current: 00:00:05 - Estimated total: 00:00:06
  87 - Current: 00:00:05 - Estimated total: 00:00:06
  88 - Current: 00:00:05 - Estimated total: 00:00:06
  89 - Current: 00:00:05 - Estimated total: 00:00:06
  90 - Current: 00:00:05 - Estimated total: 00:00:06
  91 - Current: 00:00:05 - Estimated total: 00:00:06
  92 - Current: 00:00:05 - Estimated total: 00:00:06
  93 - Current: 00:00:05 - Estimated total: 00:00:06
  94 - Current: 00:00:05 - Estimated total: 00:00:06
  95 - Current: 00:00:05 - Estimated total: 00:00:06
  96 - Current: 00:00:05 - Estimated total: 00:00:06
  97 - Current: 00:00:05 - Estimated total: 00:00:06
  98 - Current: 00:00:05 - Estimated total: 00:00:06
  99 - Current: 00:00:06 - Estimated total: 00:00:06
  100 - Current: 00:00:06 - Estimated total: 00:00:06
  Solved: 54891, Highest score: 967 Unsolvable: 5109/60000
  Toplist size: 50
  Total time: 00:00:06
  Starting lap 2 at time: 00:00:06
  1 - Current: 00:00:00 - Estimated total: 00:00:05
  2 - Current: 00:00:00 - Estimated total: 00:00:05
  3 - Current: 00:00:00 - Estimated total: 00:00:05
  4 - Current: 00:00:00 - Estimated total: 00:00:05
  5 - Current: 00:00:00 - Estimated total: 00:00:05
  6 - Current: 00:00:00 - Estimated total: 00:00:05
  7 - Current: 00:00:00 - Estimated total: 00:00:05
  8 - Current: 00:00:00 - Estimated total: 00:00:05
  9 - Current: 00:00:00 - Estimated total: 00:00:05
  10 - Current: 00:00:00 - Estimated total: 00:00:05
  11 - Current: 00:00:00 - Estimated total: 00:00:05
  12 - Current: 00:00:00 - Estimated total: 00:00:05
  13 - Current: 00:00:00 - Estimated total: 00:00:05
  14 - Current: 00:00:00 - Estimated total: 00:00:05
  15 - Current: 00:00:00 - Estimated total: 00:00:05
  16 - Current: 00:00:00 - Estimated total: 00:00:05
  17 - Current: 00:00:00 - Estimated total: 00:00:05
  18 - Current: 00:00:01 - Estimated total: 00:00:05
  19 - Current: 00:00:01 - Estimated total: 00:00:05
  20 - Current: 00:00:01 - Estimated total: 00:00:05
  21 - Current: 00:00:01 - Estimated total: 00:00:05
  22 - Current: 00:00:01 - Estimated total: 00:00:05
  23 - Current: 00:00:01 - Estimated total: 00:00:05
  24 - Current: 00:00:01 - Estimated total: 00:00:05
  25 - Current: 00:00:01 - Estimated total: 00:00:05
  26 - Current: 00:00:01 - Estimated total: 00:00:05
  27 - Current: 00:00:01 - Estimated total: 00:00:05
  28 - Current: 00:00:01 - Estimated total: 00:00:05
  29 - Current: 00:00:01 - Estimated total: 00:00:05
  30 - Current: 00:00:01 - Estimated total: 00:00:05
  31 - Current: 00:00:01 - Estimated total: 00:00:05
  32 - Current: 00:00:01 - Estimated total: 00:00:05
  33 - Current: 00:00:01 - Estimated total: 00:00:05
  34 - Current: 00:00:01 - Estimated total: 00:00:05
  35 - Current: 00:00:01 - Estimated total: 00:00:05
  36 - Current: 00:00:02 - Estimated total: 00:00:05
  37 - Current: 00:00:02 - Estimated total: 00:00:05
  38 - Current: 00:00:02 - Estimated total: 00:00:05
  39 - Current: 00:00:02 - Estimated total: 00:00:05
  40 - Current: 00:00:02 - Estimated total: 00:00:05
  41 - Current: 00:00:02 - Estimated total: 00:00:05
  42 - Current: 00:00:02 - Estimated total: 00:00:05
  43 - Current: 00:00:02 - Estimated total: 00:00:05
  44 - Current: 00:00:02 - Estimated total: 00:00:05
  45 - Current: 00:00:02 - Estimated total: 00:00:05
  46 - Current: 00:00:02 - Estimated total: 00:00:05
  47 - Current: 00:00:02 - Estimated total: 00:00:05
  48 - Current: 00:00:02 - Estimated total: 00:00:05
  Starting lap 1 at time: 00:00:00
  1 - Current: 00:00:00 - Estimated total: 00:00:22
  2 - Current: 00:00:00 - Estimated total: 00:00:22
  3 - Current: 00:00:00 - Estimated total: 00:00:19
  4 - Current: 00:00:00 - Estimated total: 00:00:16
  5 - Current: 00:00:00 - Estimated total: 00:00:15
  6 - Current: 00:00:00 - Estimated total: 00:00:14
  7 - Current: 00:00:00 - Estimated total: 00:00:13
  8 - Current: 00:00:00 - Estimated total: 00:00:12
  9 - Current: 00:00:01 - Estimated total: 00:00:11
  10 - Current: 00:00:01 - Estimated total: 00:00:10
  11 - Current: 00:00:01 - Estimated total: 00:00:10
  12 - Current: 00:00:01 - Estimated total: 00:00:10
  13 - Current: 00:00:01 - Estimated total: 00:00:09
  14 - Current: 00:00:01 - Estimated total: 00:00:09
  15 - Current: 00:00:01 - Estimated total: 00:00:09
  16 - Current: 00:00:01 - Estimated total: 00:00:09
  17 - Current: 00:00:01 - Estimated total: 00:00:08
  18 - Current: 00:00:01 - Estimated total: 00:00:08
  19 - Current: 00:00:01 - Estimated total: 00:00:08
  20 - Current: 00:00:01 - Estimated total: 00:00:08
  21 - Current: 00:00:01 - Estimated total: 00:00:08
  22 - Current: 00:00:01 - Estimated total: 00:00:08
  23 - Current: 00:00:01 - Estimated total: 00:00:08
  24 - Current: 00:00:01 - Estimated total: 00:00:07
  25 - Current: 00:00:01 - Estimated total: 00:00:07
  26 - Current: 00:00:02 - Estimated total: 00:00:07
  27 - Current: 00:00:02 - Estimated total: 00:00:07
  28 - Current: 00:00:02 - Estimated total: 00:00:07
  29 - Current: 00:00:02 - Estimated total: 00:00:07
  30 - Current: 00:00:02 - Estimated total: 00:00:07
  31 - Current: 00:00:02 - Estimated total: 00:00:07
  32 - Current: 00:00:02 - Estimated total: 00:00:07
  33 - Current: 00:00:02 - Estimated total: 00:00:07
  34 - Current: 00:00:02 - Estimated total: 00:00:07
  35 - Current: 00:00:02 - Estimated total: 00:00:07
  36 - Current: 00:00:02 - Estimated total: 00:00:07
  37 - Current: 00:00:02 - Estimated total: 00:00:07
  38 - Current: 00:00:02 - Estimated total: 00:00:07
  39 - Current: 00:00:02 - Estimated total: 00:00:07
  40 - Current: 00:00:02 - Estimated total: 00:00:07
  41 - Current: 00:00:02 - Estimated total: 00:00:07
  42 - Current: 00:00:02 - Estimated total: 00:00:07
  43 - Current: 00:00:03 - Estimated total: 00:00:07
  44 - Current: 00:00:03 - Estimated total: 00:00:07
  45 - Current: 00:00:03 - Estimated total: 00:00:07
  46 - Current: 00:00:03 - Estimated total: 00:00:07
  47 - Current: 00:00:03 - Estimated total: 00:00:06
  48 - Current: 00:00:03 - Estimated total: 00:00:06
  49 - Current: 00:00:03 - Estimated total: 00:00:06
  50 - Current: 00:00:03 - Estimated total: 00:00:06
  51 - Current: 00:00:03 - Estimated total: 00:00:06
  52 - Current: 00:00:03 - Estimated total: 00:00:06
  53 - Current: 00:00:03 - Estimated total: 00:00:06
  54 - Current: 00:00:03 - Estimated total: 00:00:06
  55 - Current: 00:00:03 - Estimated total: 00:00:06
  56 - Current: 00:00:03 - Estimated total: 00:00:06
  57 - Current: 00:00:03 - Estimated total: 00:00:06
  58 - Current: 00:00:03 - Estimated total: 00:00:06
  59 - Current: 00:00:03 - Estimated total: 00:00:06
  60 - Current: 00:00:04 - Estimated total: 00:00:06
  61 - Current: 00:00:04 - Estimated total: 00:00:06
  62 - Current: 00:00:04 - Estimated total: 00:00:06
  63 - Current: 00:00:04 - Estimated total: 00:00:06
  64 - Current: 00:00:04 - Estimated total: 00:00:06
  65 - Current: 00:00:04 - Estimated total: 00:00:06
  66 - Current: 00:00:04 - Estimated total: 00:00:06
  67 - Current: 00:00:04 - Estimated total: 00:00:06
  68 - Current: 00:00:04 - Estimated total: 00:00:06
  69 - Current: 00:00:04 - Estimated total: 00:00:06
  70 - Current: 00:00:04 - Estimated total: 00:00:06
  71 - Current: 00:00:04 - Estimated total: 00:00:06
  72 - Current: 00:00:04 - Estimated total: 00:00:06
  73 - Current: 00:00:04 - Estimated total: 00:00:06
  74 - Current: 00:00:04 - Estimated total: 00:00:06
  75 - Current: 00:00:04 - Estimated total: 00:00:06
  76 - Current: 00:00:04 - Estimated total: 00:00:06
  77 - Current: 00:00:05 - Estimated total: 00:00:06
  78 - Current: 00:00:05 - Estimated total: 00:00:06
  79 - Current: 00:00:05 - Estimated total: 00:00:06
  80 - Current: 00:00:05 - Estimated total: 00:00:06
  81 - Current: 00:00:05 - Estimated total: 00:00:06
  82 - Current: 00:00:05 - Estimated total: 00:00:06
  83 - Current: 00:00:05 - Estimated total: 00:00:06
  84 - Current: 00:00:05 - Estimated total: 00:00:06
  85 - Current: 00:00:05 - Estimated total: 00:00:06
  86 - Current: 00:00:05 - Estimated total: 00:00:06
  87 - Current: 00:00:05 - Estimated total: 00:00:06
  88 - Current: 00:00:05 - Estimated total: 00:00:06
  89 - Current: 00:00:05 - Estimated total: 00:00:06
  90 - Current: 00:00:05 - Estimated total: 00:00:06
  91 - Current: 00:00:05 - Estimated total: 00:00:06
  92 - Current: 00:00:05 - Estimated total: 00:00:06
  93 - Current: 00:00:05 - Estimated total: 00:00:06
  94 - Current: 00:00:05 - Estimated total: 00:00:06
  95 - Current: 00:00:06 - Estimated total: 00:00:06
  96 - Current: 00:00:06 - Estimated total: 00:00:06
  97 - Current: 00:00:06 - Estimated total: 00:00:06
  98 - Current: 00:00:06 - Estimated total: 00:00:06
  99 - Current: 00:00:06 - Estimated total: 00:00:06
  100 - Current: 00:00:06 - Estimated total: 00:00:06
  Solved: 54736, Highest score: 836 Unsolvable: 5264/60000
  Toplist size: 50
  Total time: 00:00:06
  Starting lap 2 at time: 00:00:06
  1 - Current: 00:00:00 - Estimated total: 00:00:05
  2 - Current: 00:00:00 - Estimated total: 00:00:05
  3 - Current: 00:00:00 - Estimated total: 00:00:05
  4 - Current: 00:00:00 - Estimated total: 00:00:05
  5 - Current: 00:00:00 - Estimated total: 00:00:05
  6 - Current: 00:00:00 - Estimated total: 00:00:05
  7 - Current: 00:00:00 - Estimated total: 00:00:05
  8 - Current: 00:00:00 - Estimated total: 00:00:05
  9 - Current: 00:00:00 - Estimated total: 00:00:05
  10 - Current: 00:00:00 - Estimated total: 00:00:05
  11 - Current: 00:00:00 - Estimated total: 00:00:05
  12 - Current: 00:00:00 - Estimated total: 00:00:05
  Starting lap 1 at time: 2024-01-19T21:53:04.105685400 with runtime: 00:00:00
  1 - Current: 00:00:00 - Estimated total: 00:00:18
  2 - Current: 00:00:00 - Estimated total: 00:00:18
  3 - Current: 00:00:00 - Estimated total: 00:00:15
  4 - Current: 00:00:00 - Estimated total: 00:00:15
  5 - Current: 00:00:00 - Estimated total: 00:00:13
  6 - Current: 00:00:00 - Estimated total: 00:00:12
  7 - Current: 00:00:00 - Estimated total: 00:00:11
  8 - Current: 00:00:00 - Estimated total: 00:00:10
  9 - Current: 00:00:00 - Estimated total: 00:00:10
  10 - Current: 00:00:00 - Estimated total: 00:00:09
  11 - Current: 00:00:01 - Estimated total: 00:00:09
  12 - Current: 00:00:01 - Estimated total: 00:00:09
  13 - Current: 00:00:01 - Estimated total: 00:00:09
  14 - Current: 00:00:01 - Estimated total: 00:00:08
  15 - Current: 00:00:01 - Estimated total: 00:00:08
  16 - Current: 00:00:01 - Estimated total: 00:00:08
  17 - Current: 00:00:01 - Estimated total: 00:00:08
  18 - Current: 00:00:01 - Estimated total: 00:00:08
  19 - Current: 00:00:01 - Estimated total: 00:00:08
  20 - Current: 00:00:01 - Estimated total: 00:00:07
  21 - Current: 00:00:01 - Estimated total: 00:00:07
  22 - Current: 00:00:01 - Estimated total: 00:00:07
  23 - Current: 00:00:01 - Estimated total: 00:00:07
  24 - Current: 00:00:01 - Estimated total: 00:00:07
  25 - Current: 00:00:01 - Estimated total: 00:00:07
  26 - Current: 00:00:01 - Estimated total: 00:00:07
  27 - Current: 00:00:01 - Estimated total: 00:00:07
  28 - Current: 00:00:02 - Estimated total: 00:00:07
  29 - Current: 00:00:02 - Estimated total: 00:00:07
  30 - Current: 00:00:02 - Estimated total: 00:00:07
  31 - Current: 00:00:02 - Estimated total: 00:00:07
  32 - Current: 00:00:02 - Estimated total: 00:00:07
  33 - Current: 00:00:02 - Estimated total: 00:00:07
  34 - Current: 00:00:02 - Estimated total: 00:00:07
  35 - Current: 00:00:02 - Estimated total: 00:00:07
  36 - Current: 00:00:02 - Estimated total: 00:00:07
  37 - Current: 00:00:02 - Estimated total: 00:00:06
  38 - Current: 00:00:02 - Estimated total: 00:00:06
  39 - Current: 00:00:02 - Estimated total: 00:00:06
  40 - Current: 00:00:02 - Estimated total: 00:00:06
  41 - Current: 00:00:02 - Estimated total: 00:00:06
  42 - Current: 00:00:02 - Estimated total: 00:00:06
  43 - Current: 00:00:02 - Estimated total: 00:00:06
  44 - Current: 00:00:02 - Estimated total: 00:00:06
  45 - Current: 00:00:03 - Estimated total: 00:00:06
  46 - Current: 00:00:03 - Estimated total: 00:00:06
  47 - Current: 00:00:03 - Estimated total: 00:00:06
  48 - Current: 00:00:03 - Estimated total: 00:00:06
  49 - Current: 00:00:03 - Estimated total: 00:00:06
  50 - Current: 00:00:03 - Estimated total: 00:00:06
  51 - Current: 00:00:03 - Estimated total: 00:00:06
  52 - Current: 00:00:03 - Estimated total: 00:00:06
  53 - Current: 00:00:03 - Estimated total: 00:00:06
  54 - Current: 00:00:03 - Estimated total: 00:00:06
  55 - Current: 00:00:03 - Estimated total: 00:00:06
  56 - Current: 00:00:03 - Estimated total: 00:00:06
  57 - Current: 00:00:03 - Estimated total: 00:00:06
  58 - Current: 00:00:03 - Estimated total: 00:00:06
  59 - Current: 00:00:03 - Estimated total: 00:00:06
  60 - Current: 00:00:03 - Estimated total: 00:00:06
  61 - Current: 00:00:03 - Estimated total: 00:00:06
  62 - Current: 00:00:03 - Estimated total: 00:00:06
  63 - Current: 00:00:04 - Estimated total: 00:00:06
  64 - Current: 00:00:04 - Estimated total: 00:00:06
  65 - Current: 00:00:04 - Estimated total: 00:00:06
  66 - Current: 00:00:04 - Estimated total: 00:00:06
  67 - Current: 00:00:04 - Estimated total: 00:00:06
  68 - Current: 00:00:04 - Estimated total: 00:00:06
  69 - Current: 00:00:04 - Estimated total: 00:00:06
  70 - Current: 00:00:04 - Estimated total: 00:00:06
  71 - Current: 00:00:04 - Estimated total: 00:00:06
  72 - Current: 00:00:04 - Estimated total: 00:00:06
  73 - Current: 00:00:04 - Estimated total: 00:00:06
  74 - Current: 00:00:04 - Estimated total: 00:00:06
  75 - Current: 00:00:04 - Estimated total: 00:00:06
  76 - Current: 00:00:04 - Estimated total: 00:00:06
  77 - Current: 00:00:04 - Estimated total: 00:00:06
  78 - Current: 00:00:04 - Estimated total: 00:00:06
  79 - Current: 00:00:05 - Estimated total: 00:00:06
  80 - Current: 00:00:05 - Estimated total: 00:00:06
  81 - Current: 00:00:05 - Estimated total: 00:00:06
  82 - Current: 00:00:05 - Estimated total: 00:00:06
  83 - Current: 00:00:05 - Estimated total: 00:00:06
  84 - Current: 00:00:05 - Estimated total: 00:00:06
  85 - Current: 00:00:05 - Estimated total: 00:00:06
  86 - Current: 00:00:05 - Estimated total: 00:00:06
  87 - Current: 00:00:05 - Estimated total: 00:00:06
  88 - Current: 00:00:05 - Estimated total: 00:00:06
  89 - Current: 00:00:05 - Estimated total: 00:00:06
  90 - Current: 00:00:05 - Estimated total: 00:00:06
  91 - Current: 00:00:05 - Estimated total: 00:00:06
  92 - Current: 00:00:05 - Estimated total: 00:00:06
  93 - Current: 00:00:05 - Estimated total: 00:00:06
  94 - Current: 00:00:05 - Estimated total: 00:00:06
  95 - Current: 00:00:05 - Estimated total: 00:00:06
  96 - Current: 00:00:05 - Estimated total: 00:00:06
  97 - Current: 00:00:06 - Estimated total: 00:00:06
  98 - Current: 00:00:06 - Estimated total: 00:00:06
  99 - Current: 00:00:06 - Estimated total: 00:00:06
  100 - Current: 00:00:06 - Estimated total: 00:00:06
  A938_1_20240119215310 938
  A764_2_20240119215310 764
  A714_3_20240119215310 714
  A682_4_20240119215310 682
  A670_5_20240119215310 670
  A666_6_20240119215310 666
  A654_7_20240119215310 654
  A647_8_20240119215310 647
  A644_9_20240119215310 644
  A641_10_20240119215310 641
  A638_11_20240119215310 638
  A626_12_20240119215310 626
  A625_13_20240119215310 625
  A623_14_20240119215310 623
  A615_15_20240119215310 615
  A608_16_20240119215310 608
  A606_17_20240119215310 606
  A603_18_20240119215310 603
  A595_19_20240119215310 595
  A594_20_20240119215310 594
  A590_21_20240119215310 590
  A587_22_20240119215310 587
  A585_23_20240119215310 585
  A578_24_20240119215310 578
  A567_25_20240119215310 567
  A567_26_20240119215310 567
  A565_27_20240119215310 565
  A555_28_20240119215310 555
  A552_29_20240119215310 552
  A545_30_20240119215310 545
  A545_31_20240119215310 545
  A544_32_20240119215310 544
  A539_33_20240119215310 539
  A538_34_20240119215310 538
  A536_35_20240119215310 536
  A536_36_20240119215310 536
  A532_37_20240119215310 532
  A526_38_20240119215310 526
  A523_39_20240119215310 523
  A519_40_20240119215310 519
  A517_41_20240119215310 517
  A515_42_20240119215310 515
  A513_43_20240119215310 513
  A512_44_20240119215310 512
  A510_45_20240119215310 510
  A507_46_20240119215310 507
  A506_47_20240119215310 506
  A504_48_20240119215310 504
  A501_49_20240119215310 501
  A500_50_20240119215310 500
  Solved: 54867, Highest score: 938 Unsolvable: 5133/60000
  Toplist size: 50
  Total time: 00:00:06
  Starting lap 2 at time: 2024-01-19T21:53:10.353621 with runtime: 00:00:06
  1 - Current: 00:00:00 - Estimated total: 00:00:05
  2 - Current: 00:00:00 - Estimated total: 00:00:05
  3 - Current: 00:00:00 - Estimated total: 00:00:05
  4 - Current: 00:00:00 - Estimated total: 00:00:05
  5 - Current: 00:00:00 - Estimated total: 00:00:05
  6 - Current: 00:00:00 - Estimated total: 00:00:05
  7 - Current: 00:00:00 - Estimated total: 00:00:05
  8 - Current: 00:00:00 - Estimated total: 00:00:05
  9 - Current: 00:00:00 - Estimated total: 00:00:05
  10 - Current: 00:00:00 - Estimated total: 00:00:05
  11 - Current: 00:00:00 - Estimated total: 00:00:05
  12 - Current: 00:00:00 - Estimated total: 00:00:05
  13 - Current: 00:00:00 - Estimated total: 00:00:05
  14 - Current: 00:00:00 - Estimated total: 00:00:05
  15 - Current: 00:00:00 - Estimated total: 00:00:05
  16 - Current: 00:00:00 - Estimated total: 00:00:05
  17 - Current: 00:00:01 - Estimated total: 00:00:05
  18 - Current: 00:00:01 - Estimated total: 00:00:05
  19 - Current: 00:00:01 - Estimated total: 00:00:05
  20 - Current: 00:00:01 - Estimated total: 00:00:05
  21 - Current: 00:00:01 - Estimated total: 00:00:05
  22 - Current: 00:00:01 - Estimated total: 00:00:05
  23 - Current: 00:00:01 - Estimated total: 00:00:05
  24 - Current: 00:00:01 - Estimated total: 00:00:05
  25 - Current: 00:00:01 - Estimated total: 00:00:05
  26 - Current: 00:00:01 - Estimated total: 00:00:05
  27 - Current: 00:00:01 - Estimated total: 00:00:05
  28 - Current: 00:00:01 - Estimated total: 00:00:05
  29 - Current: 00:00:01 - Estimated total: 00:00:05
  30 - Current: 00:00:01 - Estimated total: 00:00:05
  31 - Current: 00:00:01 - Estimated total: 00:00:05
  32 - Current: 00:00:01 - Estimated total: 00:00:05
  33 - Current: 00:00:01 - Estimated total: 00:00:06
  34 - Current: 00:00:02 - Estimated total: 00:00:06
  35 - Current: 00:00:02 - Estimated total: 00:00:06
  36 - Current: 00:00:02 - Estimated total: 00:00:06
  37 - Current: 00:00:02 - Estimated total: 00:00:06
  38 - Current: 00:00:02 - Estimated total: 00:00:06
  39 - Current: 00:00:02 - Estimated total: 00:00:06
  40 - Current: 00:00:02 - Estimated total: 00:00:05
  41 - Current: 00:00:02 - Estimated total: 00:00:05
  42 - Current: 00:00:02 - Estimated total: 00:00:05
  43 - Current: 00:00:02 - Estimated total: 00:00:05
  44 - Current: 00:00:02 - Estimated total: 00:00:05
  45 - Current: 00:00:02 - Estimated total: 00:00:05
  46 - Current: 00:00:02 - Estimated total: 00:00:05
  47 - Current: 00:00:02 - Estimated total: 00:00:05
  48 - Current: 00:00:02 - Estimated total: 00:00:05
  49 - Current: 00:00:02 - Estimated total: 00:00:05
  50 - Current: 00:00:02 - Estimated total: 00:00:05
  51 - Current: 00:00:03 - Estimated total: 00:00:05
  52 - Current: 00:00:03 - Estimated total: 00:00:05
  53 - Current: 00:00:03 - Estimated total: 00:00:05
  54 - Current: 00:00:03 - Estimated total: 00:00:05
  55 - Current: 00:00:03 - Estimated total: 00:00:05
  56 - Current: 00:00:03 - Estimated total: 00:00:05
  57 - Current: 00:00:03 - Estimated total: 00:00:05
  58 - Current: 00:00:03 - Estimated total: 00:00:05
  59 - Current: 00:00:03 - Estimated total: 00:00:05
  60 - Current: 00:00:03 - Estimated total: 00:00:05
  61 - Current: 00:00:03 - Estimated total: 00:00:05
  62 - Current: 00:00:03 - Estimated total: 00:00:05
  63 - Current: 00:00:03 - Estimated total: 00:00:05
  64 - Current: 00:00:03 - Estimated total: 00:00:05
  65 - Current: 00:00:03 - Estimated total: 00:00:05
  66 - Current: 00:00:03 - Estimated total: 00:00:05
  67 - Current: 00:00:03 - Estimated total: 00:00:05
  68 - Current: 00:00:04 - Estimated total: 00:00:05
  69 - Current: 00:00:04 - Estimated total: 00:00:05
  70 - Current: 00:00:04 - Estimated total: 00:00:05
  71 - Current: 00:00:04 - Estimated total: 00:00:05
  72 - Current: 00:00:04 - Estimated total: 00:00:05
  73 - Current: 00:00:04 - Estimated total: 00:00:05
  74 - Current: 00:00:04 - Estimated total: 00:00:05
  75 - Current: 00:00:04 - Estimated total: 00:00:05
  76 - Current: 00:00:04 - Estimated total: 00:00:05
  77 - Current: 00:00:04 - Estimated total: 00:00:05
  78 - Current: 00:00:04 - Estimated total: 00:00:05
  79 - Current: 00:00:04 - Estimated total: 00:00:05
  80 - Current: 00:00:04 - Estimated total: 00:00:05
  81 - Current: 00:00:04 - Estimated total: 00:00:05
  82 - Current: 00:00:04 - Estimated total: 00:00:05
  83 - Current: 00:00:04 - Estimated total: 00:00:05
  84 - Current: 00:00:04 - Estimated total: 00:00:05
  85 - Current: 00:00:05 - Estimated total: 00:00:05
  86 - Current: 00:00:05 - Estimated total: 00:00:05
  87 - Current: 00:00:05 - Estimated total: 00:00:05
  88 - Current: 00:00:05 - Estimated total: 00:00:05
  89 - Current: 00:00:05 - Estimated total: 00:00:05
  90 - Current: 00:00:05 - Estimated total: 00:00:05
  91 - Current: 00:00:05 - Estimated total: 00:00:05
  92 - Current: 00:00:05 - Estimated total: 00:00:05
  93 - Current: 00:00:05 - Estimated total: 00:00:05
  94 - Current: 00:00:05 - Estimated total: 00:00:05
  95 - Current: 00:00:05 - Estimated total: 00:00:05
  96 - Current: 00:00:05 - Estimated total: 00:00:05
  97 - Current: 00:00:05 - Estimated total: 00:00:05
  98 - Current: 00:00:05 - Estimated total: 00:00:05
  99 - Current: 00:00:05 - Estimated total: 00:00:05
  100 - Current: 00:00:05 - Estimated total: 00:00:05
  A971_1_20240119215316 971
  A925_2_20240119215316 925
  A762_3_20240119215316 762
  A718_4_20240119215316 718
  A704_5_20240119215316 704
  A692_6_20240119215316 692
  A659_7_20240119215316 659
  A651_8_20240119215316 651
  A650_9_20240119215316 650
  A628_10_20240119215316 628
  A625_11_20240119215316 625
  A615_12_20240119215316 615
  A615_13_20240119215316 615
  A594_14_20240119215316 594
  A588_15_20240119215316 588
  A582_16_20240119215316 582
  A580_17_20240119215316 580
  A575_18_20240119215316 575
  A573_19_20240119215316 573
  A571_20_20240119215316 571
  A568_21_20240119215316 568
  A564_22_20240119215316 564
  A562_23_20240119215316 562
  A561_24_20240119215316 561
  A561_25_20240119215316 561
  A556_26_20240119215316 556
  A555_27_20240119215316 555
  A553_28_20240119215316 553
  A545_29_20240119215316 545
  A542_30_20240119215316 542
  A540_31_20240119215316 540
  A539_32_20240119215316 539
  A536_33_20240119215316 536
  A535_34_20240119215316 535
  A532_35_20240119215316 532
  A530_36_20240119215316 530
  A526_37_20240119215316 526
  A526_38_20240119215316 526
  A525_39_20240119215316 525
  A522_40_20240119215316 522
  A521_41_20240119215316 521
  A521_42_20240119215316 521
  A520_43_20240119215316 520
  A516_44_20240119215316 516
  A516_45_20240119215316 516
  A515_46_20240119215316 515
  A513_47_20240119215316 513
  A511_48_20240119215316 511
  A511_49_20240119215316 511
  A509_50_20240119215316 509
  Solved: 109799, Highest score: 971 Unsolvable: 5068/60000
  Toplist size: 50
  Total time: 00:00:12
  Starting lap 3 at time: 2024-01-19T21:53:16.307794900 with runtime: 00:00:12
  1 - Current: 00:00:00 - Estimated total: 00:00:05
  2 - Current: 00:00:00 - Estimated total: 00:00:05
  3 - Current: 00:00:00 - Estimated total: 00:00:05
  4 - Current: 00:00:00 - Estimated total: 00:00:05
  5 - Current: 00:00:00 - Estimated total: 00:00:05
  6 - Current: 00:00:00 - Estimated total: 00:00:05
  7 - Current: 00:00:00 - Estimated total: 00:00:05
  8 - Current: 00:00:00 - Estimated total: 00:00:05
  9 - Current: 00:00:00 - Estimated total: 00:00:05
  10 - Current: 00:00:00 - Estimated total: 00:00:05
  11 - Current: 00:00:00 - Estimated total: 00:00:05
  12 - Current: 00:00:00 - Estimated total: 00:00:05
  13 - Current: 00:00:00 - Estimated total: 00:00:05
  14 - Current: 00:00:00 - Estimated total: 00:00:05
  15 - Current: 00:00:00 - Estimated total: 00:00:05
  16 - Current: 00:00:00 - Estimated total: 00:00:05
  17 - Current: 00:00:00 - Estimated total: 00:00:05
  18 - Current: 00:00:01 - Estimated total: 00:00:05
  19 - Current: 00:00:01 - Estimated total: 00:00:05
  20 - Current: 00:00:01 - Estimated total: 00:00:05
  21 - Current: 00:00:01 - Estimated total: 00:00:05
  22 - Current: 00:00:01 - Estimated total: 00:00:05
  23 - Current: 00:00:01 - Estimated total: 00:00:05
  24 - Current: 00:00:01 - Estimated total: 00:00:05
  25 - Current: 00:00:01 - Estimated total: 00:00:05
  26 - Current: 00:00:01 - Estimated total: 00:00:05
  27 - Current: 00:00:01 - Estimated total: 00:00:05
  28 - Current: 00:00:01 - Estimated total: 00:00:05
  29 - Current: 00:00:01 - Estimated total: 00:00:05
  30 - Current: 00:00:01 - Estimated total: 00:00:05
  31 - Current: 00:00:01 - Estimated total: 00:00:05
  32 - Current: 00:00:01 - Estimated total: 00:00:05
  33 - Current: 00:00:01 - Estimated total: 00:00:05
  34 - Current: 00:00:01 - Estimated total: 00:00:05
  35 - Current: 00:00:01 - Estimated total: 00:00:05
  36 - Current: 00:00:02 - Estimated total: 00:00:05
  37 - Current: 00:00:02 - Estimated total: 00:00:05
  38 - Current: 00:00:02 - Estimated total: 00:00:05
  39 - Current: 00:00:02 - Estimated total: 00:00:05
  40 - Current: 00:00:02 - Estimated total: 00:00:05
  41 - Current: 00:00:02 - Estimated total: 00:00:05
  42 - Current: 00:00:02 - Estimated total: 00:00:05
  43 - Current: 00:00:02 - Estimated total: 00:00:05
  44 - Current: 00:00:02 - Estimated total: 00:00:05
  45 - Current: 00:00:02 - Estimated total: 00:00:05
  46 - Current: 00:00:02 - Estimated total: 00:00:05
  47 - Current: 00:00:02 - Estimated total: 00:00:05
  48 - Current: 00:00:02 - Estimated total: 00:00:05
  49 - Current: 00:00:02 - Estimated total: 00:00:05
  50 - Current: 00:00:02 - Estimated total: 00:00:05
  51 - Current: 00:00:02 - Estimated total: 00:00:05
  52 - Current: 00:00:03 - Estimated total: 00:00:05
  53 - Current: 00:00:03 - Estimated total: 00:00:05
  54 - Current: 00:00:03 - Estimated total: 00:00:05
  55 - Current: 00:00:03 - Estimated total: 00:00:05
  56 - Current: 00:00:03 - Estimated total: 00:00:05
  57 - Current: 00:00:03 - Estimated total: 00:00:05
  58 - Current: 00:00:03 - Estimated total: 00:00:05
  59 - Current: 00:00:03 - Estimated total: 00:00:05
  60 - Current: 00:00:03 - Estimated total: 00:00:05
  61 - Current: 00:00:03 - Estimated total: 00:00:05
  62 - Current: 00:00:03 - Estimated total: 00:00:05
  63 - Current: 00:00:03 - Estimated total: 00:00:05
  64 - Current: 00:00:03 - Estimated total: 00:00:05
  65 - Current: 00:00:03 - Estimated total: 00:00:05
  66 - Current: 00:00:03 - Estimated total: 00:00:05
  67 - Current: 00:00:03 - Estimated total: 00:00:05
  68 - Current: 00:00:03 - Estimated total: 00:00:05
  69 - Current: 00:00:04 - Estimated total: 00:00:05
  70 - Current: 00:00:04 - Estimated total: 00:00:05
  71 - Current: 00:00:04 - Estimated total: 00:00:05
  72 - Current: 00:00:04 - Estimated total: 00:00:05
  73 - Current: 00:00:04 - Estimated total: 00:00:05
  74 - Current: 00:00:04 - Estimated total: 00:00:05
  75 - Current: 00:00:04 - Estimated total: 00:00:05
  76 - Current: 00:00:04 - Estimated total: 00:00:05
  77 - Current: 00:00:04 - Estimated total: 00:00:05
  78 - Current: 00:00:04 - Estimated total: 00:00:05
  79 - Current: 00:00:04 - Estimated total: 00:00:05
  80 - Current: 00:00:04 - Estimated total: 00:00:05
  81 - Current: 00:00:04 - Estimated total: 00:00:05
  82 - Current: 00:00:04 - Estimated total: 00:00:05
  83 - Current: 00:00:04 - Estimated total: 00:00:05
  84 - Current: 00:00:04 - Estimated total: 00:00:05
  85 - Current: 00:00:04 - Estimated total: 00:00:05
  86 - Current: 00:00:04 - Estimated total: 00:00:05
  87 - Current: 00:00:05 - Estimated total: 00:00:05
  88 - Current: 00:00:05 - Estimated total: 00:00:05
  89 - Current: 00:00:05 - Estimated total: 00:00:05
  90 - Current: 00:00:05 - Estimated total: 00:00:05
  91 - Current: 00:00:05 - Estimated total: 00:00:05
  92 - Current: 00:00:05 - Estimated total: 00:00:05
  93 - Current: 00:00:05 - Estimated total: 00:00:05
  94 - Current: 00:00:05 - Estimated total: 00:00:05
  95 - Current: 00:00:05 - Estimated total: 00:00:05
  96 - Current: 00:00:05 - Estimated total: 00:00:05
  97 - Current: 00:00:05 - Estimated total: 00:00:05
  98 - Current: 00:00:05 - Estimated total: 00:00:05
  99 - Current: 00:00:05 - Estimated total: 00:00:05
  100 - Current: 00:00:05 - Estimated total: 00:00:05
  A774_1_20240119215322 774
  A745_2_20240119215322 745
  A716_3_20240119215322 716
  A701_4_20240119215322 701
  A696_5_20240119215322 696
  A687_6_20240119215322 687
  A677_7_20240119215322 677
  A667_8_20240119215322 667
  A656_9_20240119215322 656
  A648_10_20240119215322 648
  A647_11_20240119215322 647
  A636_12_20240119215322 636
  A634_13_20240119215322 634
  A626_14_20240119215322 626
  A622_15_20240119215322 622
  A602_16_20240119215322 602
  A596_17_20240119215322 596
  A595_18_20240119215322 595
  A595_19_20240119215322 595
  A594_20_20240119215322 594
  A585_21_20240119215322 585
  A579_22_20240119215322 579
  A577_23_20240119215322 577
  A565_24_20240119215322 565
  A563_25_20240119215322 563
  A562_26_20240119215322 562
  A560_27_20240119215322 560
  A560_28_20240119215322 560
  A560_29_20240119215322 560
  A560_30_20240119215322 560
  A559_31_20240119215322 559
  A559_32_20240119215322 559
  A555_33_20240119215322 555
  A555_34_20240119215322 555
  A554_35_20240119215322 554
  A551_36_20240119215322 551
  A546_37_20240119215322 546
  A545_38_20240119215322 545
  A543_39_20240119215322 543
  A541_40_20240119215322 541
  A534_41_20240119215322 534
  A534_42_20240119215322 534
  A534_43_20240119215322 534
  A530_44_20240119215322 530
  A527_45_20240119215322 527
  A526_46_20240119215322 526
  A522_47_20240119215322 522
  A519_48_20240119215322 519
  A516_49_20240119215322 516
  A515_50_20240119215322 515
  Solved: 164636, Highest score: 774 Unsolvable: 5163/60000
  Toplist size: 50
  Total time: 00:00:18
  Starting lap 4 at time: 2024-01-19T21:53:22.128820600 with runtime: 00:00:18
  1 - Current: 00:00:00 - Estimated total: 00:00:06
  2 - Current: 00:00:00 - Estimated total: 00:00:06
  3 - Current: 00:00:00 - Estimated total: 00:00:05
  4 - Current: 00:00:00 - Estimated total: 00:00:05
  5 - Current: 00:00:00 - Estimated total: 00:00:05
  6 - Current: 00:00:00 - Estimated total: 00:00:05
  7 - Current: 00:00:00 - Estimated total: 00:00:05
  8 - Current: 00:00:00 - Estimated total: 00:00:05
  9 - Current: 00:00:00 - Estimated total: 00:00:05
  10 - Current: 00:00:00 - Estimated total: 00:00:05
  11 - Current: 00:00:00 - Estimated total: 00:00:05
  12 - Current: 00:00:00 - Estimated total: 00:00:05
  13 - Current: 00:00:00 - Estimated total: 00:00:05
  14 - Current: 00:00:00 - Estimated total: 00:00:05
  15 - Current: 00:00:00 - Estimated total: 00:00:05
  16 - Current: 00:00:00 - Estimated total: 00:00:05
  17 - Current: 00:00:00 - Estimated total: 00:00:05
  18 - Current: 00:00:01 - Estimated total: 00:00:05
  19 - Current: 00:00:01 - Estimated total: 00:00:05
  20 - Current: 00:00:01 - Estimated total: 00:00:05
  21 - Current: 00:00:01 - Estimated total: 00:00:05
  22 - Current: 00:00:01 - Estimated total: 00:00:06
  23 - Current: 00:00:01 - Estimated total: 00:00:06
  24 - Current: 00:00:01 - Estimated total: 00:00:06
  25 - Current: 00:00:01 - Estimated total: 00:00:06
  26 - Current: 00:00:01 - Estimated total: 00:00:06
  27 - Current: 00:00:01 - Estimated total: 00:00:06
  28 - Current: 00:00:01 - Estimated total: 00:00:06
  29 - Current: 00:00:01 - Estimated total: 00:00:06
  30 - Current: 00:00:01 - Estimated total: 00:00:06
  31 - Current: 00:00:01 - Estimated total: 00:00:05
  32 - Current: 00:00:01 - Estimated total: 00:00:05
  33 - Current: 00:00:01 - Estimated total: 00:00:05
  34 - Current: 00:00:02 - Estimated total: 00:00:05
  35 - Current: 00:00:02 - Estimated total: 00:00:05
  36 - Current: 00:00:02 - Estimated total: 00:00:05
  37 - Current: 00:00:02 - Estimated total: 00:00:05
  38 - Current: 00:00:02 - Estimated total: 00:00:05
  39 - Current: 00:00:02 - Estimated total: 00:00:05
  40 - Current: 00:00:02 - Estimated total: 00:00:05
  41 - Current: 00:00:02 - Estimated total: 00:00:05
  42 - Current: 00:00:02 - Estimated total: 00:00:05
  43 - Current: 00:00:02 - Estimated total: 00:00:05
  44 - Current: 00:00:02 - Estimated total: 00:00:05
  45 - Current: 00:00:02 - Estimated total: 00:00:05
  46 - Current: 00:00:02 - Estimated total: 00:00:05
  47 - Current: 00:00:02 - Estimated total: 00:00:05
  48 - Current: 00:00:02 - Estimated total: 00:00:05
  49 - Current: 00:00:02 - Estimated total: 00:00:05
  50 - Current: 00:00:02 - Estimated total: 00:00:05
  51 - Current: 00:00:03 - Estimated total: 00:00:05
  52 - Current: 00:00:03 - Estimated total: 00:00:05
  53 - Current: 00:00:03 - Estimated total: 00:00:05
  54 - Current: 00:00:03 - Estimated total: 00:00:05
  55 - Current: 00:00:03 - Estimated total: 00:00:05
  56 - Current: 00:00:03 - Estimated total: 00:00:05
  57 - Current: 00:00:03 - Estimated total: 00:00:05
  58 - Current: 00:00:03 - Estimated total: 00:00:05
  59 - Current: 00:00:03 - Estimated total: 00:00:05
  60 - Current: 00:00:03 - Estimated total: 00:00:05
  61 - Current: 00:00:03 - Estimated total: 00:00:05
  62 - Current: 00:00:03 - Estimated total: 00:00:05
  63 - Current: 00:00:03 - Estimated total: 00:00:05
  64 - Current: 00:00:03 - Estimated total: 00:00:05
  65 - Current: 00:00:03 - Estimated total: 00:00:05
  66 - Current: 00:00:03 - Estimated total: 00:00:05
  67 - Current: 00:00:03 - Estimated total: 00:00:05
  68 - Current: 00:00:03 - Estimated total: 00:00:05
  69 - Current: 00:00:04 - Estimated total: 00:00:05
  70 - Current: 00:00:04 - Estimated total: 00:00:05
  71 - Current: 00:00:04 - Estimated total: 00:00:05
  72 - Current: 00:00:04 - Estimated total: 00:00:05
  73 - Current: 00:00:04 - Estimated total: 00:00:05
  74 - Current: 00:00:04 - Estimated total: 00:00:05
  75 - Current: 00:00:04 - Estimated total: 00:00:05
  76 - Current: 00:00:04 - Estimated total: 00:00:05
  77 - Current: 00:00:04 - Estimated total: 00:00:05
  78 - Current: 00:00:04 - Estimated total: 00:00:05
  79 - Current: 00:00:04 - Estimated total: 00:00:05
  80 - Current: 00:00:04 - Estimated total: 00:00:05
  81 - Current: 00:00:04 - Estimated total: 00:00:05
  82 - Current: 00:00:04 - Estimated total: 00:00:05
  83 - Current: 00:00:04 - Estimated total: 00:00:05
  84 - Current: 00:00:04 - Estimated total: 00:00:05
  85 - Current: 00:00:04 - Estimated total: 00:00:05
  86 - Current: 00:00:05 - Estimated total: 00:00:05
  87 - Current: 00:00:05 - Estimated total: 00:00:05
  88 - Current: 00:00:05 - Estimated total: 00:00:05
  89 - Current: 00:00:05 - Estimated total: 00:00:05
  90 - Current: 00:00:05 - Estimated total: 00:00:05
  91 - Current: 00:00:05 - Estimated total: 00:00:05
  92 - Current: 00:00:05 - Estimated total: 00:00:05
  93 - Current: 00:00:05 - Estimated total: 00:00:05
  94 - Current: 00:00:05 - Estimated total: 00:00:05
  95 - Current: 00:00:05 - Estimated total: 00:00:05
  96 - Current: 00:00:05 - Estimated total: 00:00:05
  97 - Current: 00:00:05 - Estimated total: 00:00:05
  98 - Current: 00:00:05 - Estimated total: 00:00:05
  99 - Current: 00:00:05 - Estimated total: 00:00:05
  100 - Current: 00:00:05 - Estimated total: 00:00:05
  A999_1_20240119215327 999
  A707_2_20240119215327 707
  A674_3_20240119215327 674
  A669_4_20240119215327 669
  A656_5_20240119215327 656
  A649_6_20240119215327 649
  A627_7_20240119215327 627
  A619_8_20240119215327 619
  A616_9_20240119215327 616
  A606_10_20240119215327 606
  A605_11_20240119215327 605
  A604_12_20240119215327 604
  A600_13_20240119215327 600
  A599_14_20240119215327 599
  A591_15_20240119215327 591
  A587_16_20240119215327 587
  A584_17_20240119215327 584
  A579_18_20240119215327 579
  A566_19_20240119215327 566
  A558_20_20240119215327 558
  A556_21_20240119215327 556
  A550_22_20240119215327 550
  A546_23_20240119215327 546
  A539_24_20240119215327 539
  A530_25_20240119215327 530
  A528_26_20240119215327 528
  A525_27_20240119215327 525
  A525_28_20240119215327 525
  A525_29_20240119215327 525
  A525_30_20240119215327 525
  A524_31_20240119215327 524
  A524_32_20240119215327 524
  A523_33_20240119215327 523
  A521_34_20240119215327 521
  A518_35_20240119215327 518
  A516_36_20240119215327 516
  A515_37_20240119215327 515
  A513_38_20240119215327 513
  A510_39_20240119215327 510
  A506_40_20240119215327 506
  A506_41_20240119215327 506
  A504_42_20240119215327 504
  A503_43_20240119215327 503
  A498_44_20240119215327 498
  A497_45_20240119215327 497
  A496_46_20240119215327 496
  A493_47_20240119215327 493
  A493_48_20240119215327 493
  A493_49_20240119215327 493
  A493_50_20240119215327 493
  Solved: 219591, Highest score: 999 Unsolvable: 5045/60000
  Toplist size: 50
  Total time: 00:00:23
  Starting lap 5 at time: 2024-01-19T21:53:28.001392400 with runtime: 00:00:23
  1 - Current: 00:00:00 - Estimated total: 00:00:05
  2 - Current: 00:00:00 - Estimated total: 00:00:05
  3 - Current: 00:00:00 - Estimated total: 00:00:05
  4 - Current: 00:00:00 - Estimated total: 00:00:05
  5 - Current: 00:00:00 - Estimated total: 00:00:05
  6 - Current: 00:00:00 - Estimated total: 00:00:05
  7 - Current: 00:00:00 - Estimated total: 00:00:05
  8 - Current: 00:00:00 - Estimated total: 00:00:05
  9 - Current: 00:00:00 - Estimated total: 00:00:05
  10 - Current: 00:00:00 - Estimated total: 00:00:05
  11 - Current: 00:00:00 - Estimated total: 00:00:05
  12 - Current: 00:00:00 - Estimated total: 00:00:05
  13 - Current: 00:00:00 - Estimated total: 00:00:05
  14 - Current: 00:00:00 - Estimated total: 00:00:05
  15 - Current: 00:00:00 - Estimated total: 00:00:06
  16 - Current: 00:00:00 - Estimated total: 00:00:05
  17 - Current: 00:00:01 - Estimated total: 00:00:05
  18 - Current: 00:00:01 - Estimated total: 00:00:05
  19 - Current: 00:00:01 - Estimated total: 00:00:05
  20 - Current: 00:00:01 - Estimated total: 00:00:06
  21 - Current: 00:00:01 - Estimated total: 00:00:06
  22 - Current: 00:00:01 - Estimated total: 00:00:06
  23 - Current: 00:00:01 - Estimated total: 00:00:06
  24 - Current: 00:00:01 - Estimated total: 00:00:06
  25 - Current: 00:00:01 - Estimated total: 00:00:05
  26 - Current: 00:00:01 - Estimated total: 00:00:05
  27 - Current: 00:00:01 - Estimated total: 00:00:05
  28 - Current: 00:00:01 - Estimated total: 00:00:05
  29 - Current: 00:00:01 - Estimated total: 00:00:05
  30 - Current: 00:00:01 - Estimated total: 00:00:05
  31 - Current: 00:00:01 - Estimated total: 00:00:05
  32 - Current: 00:00:01 - Estimated total: 00:00:05
  33 - Current: 00:00:01 - Estimated total: 00:00:06
  34 - Current: 00:00:02 - Estimated total: 00:00:06
  35 - Current: 00:00:02 - Estimated total: 00:00:06
  36 - Current: 00:00:02 - Estimated total: 00:00:06
  37 - Current: 00:00:02 - Estimated total: 00:00:06
  38 - Current: 00:00:02 - Estimated total: 00:00:06
  39 - Current: 00:00:02 - Estimated total: 00:00:06
  40 - Current: 00:00:02 - Estimated total: 00:00:06
  41 - Current: 00:00:02 - Estimated total: 00:00:06
  42 - Current: 00:00:02 - Estimated total: 00:00:05
  43 - Current: 00:00:02 - Estimated total: 00:00:05
  44 - Current: 00:00:02 - Estimated total: 00:00:05
  45 - Current: 00:00:02 - Estimated total: 00:00:05
  46 - Current: 00:00:02 - Estimated total: 00:00:05
  47 - Current: 00:00:02 - Estimated total: 00:00:05
  48 - Current: 00:00:02 - Estimated total: 00:00:05
  49 - Current: 00:00:02 - Estimated total: 00:00:05
  50 - Current: 00:00:02 - Estimated total: 00:00:05
  51 - Current: 00:00:03 - Estimated total: 00:00:05
  52 - Current: 00:00:03 - Estimated total: 00:00:05
  53 - Current: 00:00:03 - Estimated total: 00:00:05
  54 - Current: 00:00:03 - Estimated total: 00:00:05
  55 - Current: 00:00:03 - Estimated total: 00:00:05
  56 - Current: 00:00:03 - Estimated total: 00:00:05
  57 - Current: 00:00:03 - Estimated total: 00:00:05
  58 - Current: 00:00:03 - Estimated total: 00:00:05
  59 - Current: 00:00:03 - Estimated total: 00:00:05
  60 - Current: 00:00:03 - Estimated total: 00:00:05
  61 - Current: 00:00:03 - Estimated total: 00:00:05
  62 - Current: 00:00:03 - Estimated total: 00:00:05
  63 - Current: 00:00:03 - Estimated total: 00:00:05
  64 - Current: 00:00:03 - Estimated total: 00:00:05
  65 - Current: 00:00:03 - Estimated total: 00:00:05
  66 - Current: 00:00:03 - Estimated total: 00:00:05
  67 - Current: 00:00:03 - Estimated total: 00:00:05
  68 - Current: 00:00:03 - Estimated total: 00:00:05
  69 - Current: 00:00:04 - Estimated total: 00:00:05
  70 - Current: 00:00:04 - Estimated total: 00:00:05
  71 - Current: 00:00:04 - Estimated total: 00:00:05
  72 - Current: 00:00:04 - Estimated total: 00:00:05
  73 - Current: 00:00:04 - Estimated total: 00:00:05
  74 - Current: 00:00:04 - Estimated total: 00:00:05
  75 - Current: 00:00:04 - Estimated total: 00:00:05
  76 - Current: 00:00:04 - Estimated total: 00:00:05
  77 - Current: 00:00:04 - Estimated total: 00:00:05
  78 - Current: 00:00:04 - Estimated total: 00:00:05
  79 - Current: 00:00:04 - Estimated total: 00:00:05
  80 - Current: 00:00:04 - Estimated total: 00:00:05
  81 - Current: 00:00:04 - Estimated total: 00:00:05
  82 - Current: 00:00:04 - Estimated total: 00:00:05
  83 - Current: 00:00:04 - Estimated total: 00:00:05
  84 - Current: 00:00:04 - Estimated total: 00:00:05
  85 - Current: 00:00:05 - Estimated total: 00:00:05
  86 - Current: 00:00:05 - Estimated total: 00:00:05
  87 - Current: 00:00:05 - Estimated total: 00:00:05
  88 - Current: 00:00:05 - Estimated total: 00:00:05
  89 - Current: 00:00:05 - Estimated total: 00:00:05
  90 - Current: 00:00:05 - Estimated total: 00:00:05
  91 - Current: 00:00:05 - Estimated total: 00:00:05
  92 - Current: 00:00:05 - Estimated total: 00:00:05
  93 - Current: 00:00:05 - Estimated total: 00:00:05
  94 - Current: 00:00:05 - Estimated total: 00:00:05
  